


 CLUSTAL 2.1 Multiple Sequence Alignments


Sequence type explicitly set to Protein
Sequence format is Pearson
Sequence 1: AAAAAA        60 aa
Sequence 2: BBBBBB        60 aa
Sequence 3: CCCCCC        60 aa
Sequence 4: DDDDDD        60 aa
Sequence 5: EEEEEE        60 aa
Start of Pairwise alignments
Aligning...

Sequences (1:2) Aligned. Score:  76
Sequences (1:3) Aligned. Score:  85
Sequences (1:4) Aligned. Score:  78
Sequences (1:5) Aligned. Score:  71
Sequences (2:3) Aligned. Score:  75
Sequences (2:4) Aligned. Score:  73
Sequences (2:5) Aligned. Score:  68
Sequences (3:4) Aligned. Score:  75
Sequences (3:5) Aligned. Score:  78
Sequences (4:5) Aligned. Score:  66
Guide tree file created:   [test.dnd]

There are 4 groups
Start of Multiple Alignment

Aligning...
Group 1: Sequences:   2      Score:1126
Group 2: Sequences:   3      Score:1143
Group 3: Sequences:   4      Score:1144
Group 4: Sequences:   5      Score:1080
Alignment Score 2710

CLUSTAL-Alignment file created  [test.aln]

